########### array before sorts ###########
0	-0.000650	0.000000	99.999350	0.000000	n
1	99.999350	0.000000	99.999350	70.000000	n
2	99.999350	70.000000	-0.000650	70.000000	n
3	-0.000650	70.000000	-0.000650	0.000000	n
Tolerance=0.050000.
*Exact match for i=0 and j=1.
*i point -0.000650	0.000000	99.999350	0.000000	y
*Exact match for i=1 and j=2.
*i point 99.999350	0.000000	99.999350	70.000000	y
*Exact match for i=2 and j=3.
*i point 99.999350	70.000000	-0.000650	70.000000	y
########### array after sorts ###########
0	-0.000650	0.000000	99.999350	0.000000	y
1	99.999350	0.000000	99.999350	70.000000	y
2	99.999350	70.000000	-0.000650	70.000000	y
3	-0.000650	70.000000	-0.000650	0.000000	y
***************
.BOARD_OUTLINE UNOWNED
1.5
0     -0.000650     0.000000     0
0     99.999350     0.000000     0
0     99.999350     70.000000     0
0     -0.000650     70.000000     0
0     -0.000650     0.000000     0
